<?xml version="1.0" encoding="UTF-8"?>
<!-- Generated by org.testng.reporters.JUnitReportReporter -->
<testsuite hostname="LAPTOP-P3J9VJQO" failures="0" tests="1" name="com.orangehrm.test.admin.TC_001_EditOrganisationName" time="33.283" errors="0" timestamp="2021-02-10T14:27:02 IST" skipped="0">
  <testcase classname="com.orangehrm.test.admin.TC_001_EditOrganisationName" name="editOrganisationName" time="33.283"/>
  <system-out/>
</testsuite> <!-- com.orangehrm.test.admin.TC_001_EditOrganisationName -->
