<?xml version="1.0" encoding="UTF-8"?>
<!-- Generated by org.testng.reporters.JUnitReportReporter -->
<testsuite hostname="LAPTOP-P3J9VJQO" failures="0" tests="1" name="com.orangehrm.test.demo" time="26.546" errors="0" timestamp="2021-02-09T13:23:57 IST" skipped="0">
  <testcase classname="com.orangehrm.test.demo" name="loginDemo" time="26.546"/>
  <system-out>
Login  </system-out>
</testsuite> <!-- com.orangehrm.test.demo -->
